# JRE version: Java(TM) SE Runtime Environment (8.0_231-b11) (build 1.8.0_231-b11)
# Java VM: Java HotSpot(TM) 64-Bit Server VM (25.231-b11 mixed mode windows-amd64 compressed oops)
Heap:
 PSYoungGen      total 1441792K, used 925558K [0x0000000700000000, 0x0000000767480000, 0x00000007c0000000)
  eden space 1358336K, 61% used [0x0000000700000000,0x0000000733665100,0x0000000752e80000)
  from space 83456K, 99% used [0x0000000752e80000,0x0000000757ff8a90,0x0000000758000000)
  to   space 100352K, 0% used [0x0000000761280000,0x0000000761280000,0x0000000767480000)
 ParOldGen       total 594944K, used 377378K [0x0000000580000000, 0x00000005a4500000, 0x0000000700000000)
  object space 594944K, 63% used [0x0000000580000000,0x0000000597088a98,0x00000005a4500000)
 Metaspace       used 29138K, capacity 29678K, committed 29872K, reserved 1075200K
  class space    used 3499K, capacity 3650K, committed 3760K, reserved 1048576K
GC Heap History (10 events):
Event: 47.120 GC heap before
{Heap before GC invocations=29 (full 3):
 PSYoungGen      total 1355264K, used 1306128K [0x0000000700000000, 0x0000000758a00000, 0x00000007c0000000)
  eden space 1305600K, 100% used [0x0000000700000000,0x000000074fb00000,0x000000074fb00000)
  from space 49664K, 1% used [0x000000074fb00000,0x000000074fb84010,0x0000000752b80000)
  to   space 47104K, 0% used [0x0000000755c00000,0x0000000755c00000,0x0000000758a00000)
 ParOldGen       total 366080K, used 266054K [0x0000000580000000, 0x0000000596580000, 0x0000000700000000)
  object space 366080K, 72% used [0x0000000580000000,0x00000005903d1868,0x0000000596580000)
 Metaspace       used 29137K, capacity 29678K, committed 29872K, reserved 1075200K
  class space    used 3499K, capacity 3650K, committed 3760K, reserved 1048576K
Event: 47.123 GC heap after
Heap after GC invocations=29 (full 3):
 PSYoungGen      total 1388544K, used 437K [0x0000000700000000, 0x0000000758000000, 0x00000007c0000000)
  eden space 1351680K, 0% used [0x0000000700000000,0x0000000700000000,0x0000000752800000)
  from space 36864K, 1% used [0x0000000755c00000,0x0000000755c6d510,0x0000000758000000)
  to   space 45056K, 0% used [0x0000000752800000,0x0000000752800000,0x0000000755400000)
 ParOldGen       total 366080K, used 266054K [0x0000000580000000, 0x0000000596580000, 0x0000000700000000)
  object space 366080K, 72% used [0x0000000580000000,0x00000005903d1868,0x0000000596580000)
 Metaspace       used 29137K, capacity 29678K, committed 29872K, reserved 1075200K
  class space    used 3499K, capacity 3650K, committed 3760K, reserved 1048576K
}
Event: 60.496 GC heap before
{Heap before GC invocations=30 (full 3):
 PSYoungGen      total 1388544K, used 1352117K [0x0000000700000000, 0x0000000758000000, 0x00000007c0000000)
  eden space 1351680K, 100% used [0x0000000700000000,0x0000000752800000,0x0000000752800000)
  from space 36864K, 1% used [0x0000000755c00000,0x0000000755c6d510,0x0000000758000000)
  to   space 45056K, 0% used [0x0000000752800000,0x0000000752800000,0x0000000755400000)
 ParOldGen       total 366080K, used 266054K [0x0000000580000000, 0x0000000596580000, 0x0000000700000000)
  object space 366080K, 72% used [0x0000000580000000,0x00000005903d1868,0x0000000596580000)
 Metaspace       used 29137K, capacity 29678K, committed 29872K, reserved 1075200K
  class space    used 3499K, capacity 3650K, committed 3760K, reserved 1048576K
Event: 60.510 GC heap after
Heap after GC invocations=30 (full 3):
 PSYoungGen      total 1396736K, used 27182K [0x0000000700000000, 0x000000075af00000, 0x00000007c0000000)
  eden space 1351680K, 0% used [0x0000000700000000,0x0000000700000000,0x0000000752800000)
  from space 45056K, 60% used [0x0000000752800000,0x000000075428b8d8,0x0000000755400000)
  to   space 48128K, 0% used [0x0000000758000000,0x0000000758000000,0x000000075af00000)
 ParOldGen       total 366080K, used 266054K [0x0000000580000000, 0x0000000596580000, 0x0000000700000000)
  object space 366080K, 72% used [0x0000000580000000,0x00000005903d1868,0x0000000596580000)
 Metaspace       used 29137K, capacity 29678K, committed 29872K, reserved 1075200K
  class space    used 3499K, capacity 3650K, committed 3760K, reserved 1048576K
}
Event: 63.992 GC heap before
{Heap before GC invocations=31 (full 3):
 PSYoungGen      total 1396736K, used 1378862K [0x0000000700000000, 0x000000075af00000, 0x00000007c0000000)
  eden space 1351680K, 100% used [0x0000000700000000,0x0000000752800000,0x0000000752800000)
  from space 45056K, 60% used [0x0000000752800000,0x000000075428b8d8,0x0000000755400000)
  to   space 48128K, 0% used [0x0000000758000000,0x0000000758000000,0x000000075af00000)
 ParOldGen       total 366080K, used 266054K [0x0000000580000000, 0x0000000596580000, 0x0000000700000000)
  object space 366080K, 72% used [0x0000000580000000,0x00000005903d1868,0x0000000596580000)
 Metaspace       used 29137K, capacity 29678K, committed 29872K, reserved 1075200K
  class space    used 3499K, capacity 3650K, committed 3760K, reserved 1048576K
Event: 64.041 GC heap after
Heap after GC invocations=31 (full 3):
 PSYoungGen      total 1406464K, used 48100K [0x0000000700000000, 0x0000000762600000, 0x00000007c0000000)
  eden space 1358336K, 0% used [0x0000000700000000,0x0000000700000000,0x0000000752e80000)
  from space 48128K, 99% used [0x0000000758000000,0x000000075aef91e8,0x000000075af00000)
  to   space 83456K, 0% used [0x0000000752e80000,0x0000000752e80000,0x0000000758000000)
 ParOldGen       total 366080K, used 333192K [0x0000000580000000, 0x0000000596580000, 0x0000000700000000)
  object space 366080K, 91% used [0x0000000580000000,0x0000000594562078,0x0000000596580000)
 Metaspace       used 29137K, capacity 29678K, committed 29872K, reserved 1075200K
  class space    used 3499K, capacity 3650K, committed 3760K, reserved 1048576K
}
Event: 64.041 GC heap before
{Heap before GC invocations=32 (full 4):
 PSYoungGen      total 1406464K, used 48100K [0x0000000700000000, 0x0000000762600000, 0x00000007c0000000)
  eden space 1358336K, 0% used [0x0000000700000000,0x0000000700000000,0x0000000752e80000)
  from space 48128K, 99% used [0x0000000758000000,0x000000075aef91e8,0x000000075af00000)
  to   space 83456K, 0% used [0x0000000752e80000,0x0000000752e80000,0x0000000758000000)
 ParOldGen       total 366080K, used 333192K [0x0000000580000000, 0x0000000596580000, 0x0000000700000000)
  object space 366080K, 91% used [0x0000000580000000,0x0000000594562078,0x0000000596580000)
 Metaspace       used 29137K, capacity 29678K, committed 29872K, reserved 1075200K
  class space    used 3499K, capacity 3650K, committed 3760K, reserved 1048576K
Event: 64.215 GC heap after
Heap after GC invocations=32 (full 4):
 PSYoungGen      total 1406464K, used 6095K [0x0000000700000000, 0x0000000762600000, 0x00000007c0000000)
  eden space 1358336K, 0% used [0x0000000700000000,0x0000000700000000,0x0000000752e80000)
  from space 48128K, 12% used [0x0000000758000000,0x00000007585f3dc0,0x000000075af00000)
  to   space 83456K, 0% used [0x0000000752e80000,0x0000000752e80000,0x0000000758000000)
 ParOldGen       total 594944K, used 365909K [0x0000000580000000, 0x00000005a4500000, 0x0000000700000000)
  object space 594944K, 61% used [0x0000000580000000,0x0000000596555668,0x00000005a4500000)
 Metaspace       used 29137K, capacity 29678K, committed 29872K, reserved 1075200K
  class space    used 3499K, capacity 3650K, committed 3760K, reserved 1048576K
}
Event: 67.450 GC heap before
{Heap before GC invocations=33 (full 4):
 PSYoungGen      total 1406464K, used 1364431K [0x0000000700000000, 0x0000000762600000, 0x00000007c0000000)
  eden space 1358336K, 100% used [0x0000000700000000,0x0000000752e80000,0x0000000752e80000)
  from space 48128K, 12% used [0x0000000758000000,0x00000007585f3dc0,0x000000075af00000)
  to   space 83456K, 0% used [0x0000000752e80000,0x0000000752e80000,0x0000000758000000)
 ParOldGen       total 594944K, used 365909K [0x0000000580000000, 0x00000005a4500000, 0x0000000700000000)
  object space 594944K, 61% used [0x0000000580000000,0x0000000596555668,0x00000005a4500000)
 Metaspace       used 29137K, capacity 29678K, committed 29872K, reserved 1075200K
  class space    used 3499K, capacity 3650K, committed 3760K, reserved 1048576K
Event: 67.489 GC heap after
Heap after GC invocations=33 (full 4):
 PSYoungGen      total 1441792K, used 83426K [0x0000000700000000, 0x0000000767480000, 0x00000007c0000000)
  eden space 1358336K, 0% used [0x0000000700000000,0x0000000700000000,0x0000000752e80000)
  from space 83456K, 99% used [0x0000000752e80000,0x0000000757ff8a90,0x0000000758000000)
  to   space 100352K, 0% used [0x0000000761280000,0x0000000761280000,0x0000000767480000)
 ParOldGen       total 594944K, used 377378K [0x0000000580000000, 0x00000005a4500000, 0x0000000700000000)
  object space 594944K, 63% used [0x0000000580000000,0x0000000597088a98,0x00000005a4500000)
 Metaspace       used 29137K, capacity 29678K, committed 29872K, reserved 1075200K
  class space    used 3499K, capacity 3650K, committed 3760K, reserved 1048576K
}

